<?xml version="1.0" encoding="utf-8"?><testsuites name="pytest tests"><testsuite name="pytest" errors="0" failures="0" skipped="0" tests="8" time="1.795" timestamp="2026-05-23T15:19:58.531605+00:00" hostname="agent-env-7b91a30d-4656-4ad3-8f33-b379ae3a8daf"><testcase classname="backend.tests.test_landing_api.TestRoot" name="test_root_endpoint" time="0.319" /><testcase classname="backend.tests.test_landing_api.TestAnalyze" name="test_analyze_valid_repo" time="0.067" /><testcase classname="backend.tests.test_landing_api.TestAnalyze" name="test_analyze_deterministic_health_score" time="0.125" /><testcase classname="backend.tests.test_landing_api.TestAnalyze" name="test_analyze_invalid_empty" time="0.056" /><testcase classname="backend.tests.test_landing_api.TestAnalyze" name="test_analyze_invalid_short" time="0.067" /><testcase classname="backend.tests.test_landing_api.TestAnalyze" name="test_analyze_missing_field" time="0.072" /><testcase classname="backend.tests.test_landing_api.TestMetrics" name="test_metrics_endpoint" time="0.081" /><testcase classname="backend.tests.test_landing_api.TestMetrics" name="test_metrics_increases_after_analyze" time="0.190" /></testsuite></testsuites>